<?xml version="1.0" encoding="UTF-8"?>
<!-- Generated by org.testng.reporters.JUnitReportReporter -->
<testsuite hostname="TS-N-LP006" name="API.Rest.com.API.Rest.com.RestAssuredDemo" tests="1" failures="0" timestamp="21 Jun 2019 03:52:09 GMT" time="3.280" errors="0">
  <testcase name="getCall" time="3.280" classname="API.Rest.com.API.Rest.com.RestAssuredDemo"/>
</testsuite> <!-- API.Rest.com.API.Rest.com.RestAssuredDemo -->
