<?xml version="1.0" encoding="UTF-8"?>
<!-- Generated by org.testng.reporters.JUnitReportReporter -->
<testsuite hostname="TS-N-LP006" name="API.Rest.com.API.Rest.com.CheckTestNg" tests="1" failures="0" timestamp="21 Jun 2019 09:10:20 GMT" time="0.024" errors="0">
  <testcase name="name" time="0.024" classname="API.Rest.com.API.Rest.com.CheckTestNg"/>
</testsuite> <!-- API.Rest.com.API.Rest.com.CheckTestNg -->
