<?xml version="1.0" encoding="UTF-8"?>
<!-- Generated by org.testng.reporters.JUnitReportReporter -->
<testsuite hostname="TS-N-LP006" name="API.Rest.com.API.Rest.com.App" tests="1" failures="0" timestamp="2 May 2019 14:56:24 GMT" time="0.017" errors="0">
  <testcase name="man" time="0.017" classname="API.Rest.com.API.Rest.com.App"/>
</testsuite> <!-- API.Rest.com.API.Rest.com.App -->
